<?xml version="1.0"?><coverage lines-covered="2343" lines-valid="2398" line-rate="0.9770642201834863" branches-covered="0" branches-valid="0" branch-rate="0" complexity="0" version="1.9" timestamp="1771254353"><sources><source>/Users/seb/Code/Rust/staticdatagen</source></sources><packages><package name="benches" line-rate="0" branch-rate="0" complexity="0"><classes></classes></package><package name="src/generators" line-rate="0.9896193771626297" branch-rate="0" complexity="0"><classes><class name="cname" filename="src/generators/cname.rs" line-rate="0.9651162790697675" branch-rate="0" complexity="0"><methods/><lines><line number="101" hits="101065"/><line number="106" hits="101042"/><line number="107" hits="303218"/><line number="108" hits="303126"/><line number="110" hits="101042"/><line number="111" hits="2"/><line number="112" hits="2"/><line number="116" hits="101040"/><line number="117" hits="202080"/><line number="118" hits="101040"/><line number="119" hits="101040"/><line number="134" hits="101065"/><line number="138" hits="101065"/><line number="139" hits="1"/><line number="140" hits="1"/><line number="141" hits="1"/><line number="145" hits="202128"/><line number="147" hits="202128"/><line number="148" hits="3"/><line number="152" hits="101061"/><line number="153" hits="303183"/><line number="154" hits="0"/><line number="155" hits="0"/><line number="159" hits="202141"/><line number="160" hits="101042"/><line number="172" hits="101061"/><line number="173" hits="101061"/><line number="174" hits="1"/><line number="175" hits="1"/><line number="179" hits="505300"/><line number="180" hits="101060"/><line number="181" hits="5"/><line number="182" hits="5"/><line number="186" hits="303168"/><line number="187" hits="404226"/><line number="188" hits="4"/><line number="189" hits="4"/><line number="192" hits="202109"/><line number="193" hits="2"/><line number="194" hits="2"/><line number="197" hits="808424"/><line number="198" hits="3"/><line number="199" hits="3"/><line number="202" hits="202104"/><line number="203" hits="202104"/><line number="204" hits="3207508"/><line number="206" hits="4"/><line number="207" hits="4"/><line number="212" hits="101042"/><line number="220" hits="101023"/><line number="221" hits="101028"/><line number="222" hits="15"/><line number="223" hits="10"/><line number="225" hits="101018"/><line number="253" hits="101024"/><line number="262" hits="101023"/><line number="263" hits="202046"/><line number="275" hits="1"/><line number="276" hits="4"/><line number="301" hits="10"/><line number="306" hits="10"/><line number="308" hits="101020"/><line number="309" hits="303030"/><line number="310" hits="101010"/><line number="351" hits="4"/><line number="356" hits="12"/><line number="359" hits="12"/><line number="360" hits="8"/><line number="363" hits="8"/><line number="364" hits="0"/><line number="368" hits="16"/><line number="370" hits="8"/><line number="372" hits="4"/><line number="375" hits="13"/><line number="377" hits="3"/><line number="403" hits="7"/><line number="406" hits="4"/><line number="407" hits="38"/><line number="409" hits="7"/><line number="411" hits="8"/><line number="413" hits="5"/><line number="414" hits="1"/><line number="418" hits="15"/><line number="420" hits="15"/><line number="421" hits="6"/><line number="423" hits="2"/></lines></class><class name="humans" filename="src/generators/humans.rs" line-rate="1" branch-rate="0" complexity="0"><methods/><lines><line number="99" hits="14"/><line number="100" hits="14"/><line number="104" hits="9"/><line number="105" hits="27"/><line number="106" hits="9"/><line number="110" hits="5"/><line number="114" hits="15"/><line number="115" hits="3"/><line number="119" hits="3"/><line number="123" hits="3"/><line number="124" hits="6"/><line number="125" hits="3"/><line number="129" hits="3"/><line number="133" hits="9"/><line number="134" hits="3"/><line number="138" hits="3"/><line number="142" hits="9"/><line number="143" hits="3"/><line number="147" hits="5"/><line number="151" hits="15"/><line number="152" hits="3"/><line number="156" hits="3"/><line number="160" hits="9"/><line number="161" hits="3"/><line number="165" hits="3"/><line number="169" hits="9"/><line number="170" hits="3"/><line number="174" hits="4"/><line number="175" hits="12"/><line number="176" hits="4"/><line number="180" hits="9"/><line number="181" hits="18"/><line number="182" hits="4"/><line number="183" hits="4"/><line number="186" hits="5"/><line number="192" hits="13"/><line number="193" hits="13"/><line number="197" hits="8"/><line number="200" hits="16"/><line number="202" hits="26"/><line number="203" hits="15"/><line number="205" hits="19"/><line number="206" hits="12"/><line number="208" hits="18"/><line number="209" hits="6"/><line number="211" hits="18"/><line number="212" hits="6"/><line number="214" hits="18"/><line number="215" hits="6"/><line number="217" hits="17"/><line number="218" hits="12"/><line number="220" hits="16"/><line number="221" hits="6"/><line number="223" hits="16"/><line number="224" hits="6"/><line number="226" hits="18"/><line number="227" hits="9"/><line number="230" hits="12"/><line number="251" hits="7"/><line number="259" hits="6"/><line number="260" hits="12"/><line number="263" hits="18"/><line number="264" hits="12"/><line number="265" hits="12"/><line number="266" hits="6"/><line number="267" hits="6"/><line number="270" hits="10"/><line number="271" hits="8"/><line number="272" hits="4"/><line number="273" hits="4"/><line number="276" hits="9"/><line number="277" hits="6"/><line number="278" hits="3"/><line number="279" hits="3"/><line number="282" hits="9"/><line number="283" hits="6"/><line number="284" hits="3"/><line number="285" hits="3"/><line number="290" hits="18"/><line number="291" hits="10"/><line number="292" hits="8"/><line number="293" hits="4"/><line number="294" hits="4"/><line number="299" hits="18"/><line number="300" hits="9"/><line number="301" hits="6"/><line number="302" hits="3"/><line number="303" hits="3"/><line number="306" hits="9"/><line number="307" hits="6"/><line number="308" hits="3"/><line number="309" hits="3"/><line number="312" hits="9"/><line number="313" hits="6"/><line number="314" hits="3"/><line number="315" hits="3"/><line number="318" hits="9"/><line number="319" hits="6"/><line number="320" hits="3"/><line number="321" hits="3"/><line number="325" hits="6"/><line number="335" hits="1"/><line number="336" hits="4"/><line number="341" hits="30"/><line number="342" hits="30"/><line number="344" hits="744"/><line number="345" hits="30"/><line number="350" hits="11"/><line number="351" hits="33"/><line number="352" hits="22"/><line number="353" hits="2"/><line number="356" hits="18"/><line number="357" hits="6"/><line number="358" hits="7"/><line number="359" hits="12"/><line number="361" hits="6"/><line number="363" hits="3"/><line number="368" hits="9"/><line number="369" hits="27"/><line number="370" hits="18"/><line number="371" hits="6"/><line number="372" hits="6"/><line number="373" hits="109"/><line number="375" hits="8"/><line number="377" hits="5"/><line number="382" hits="7"/><line number="383" hits="21"/><line number="384" hits="14"/><line number="385" hits="2"/><line number="388" hits="10"/><line number="389" hits="3"/><line number="390" hits="2"/></lines></class><class name="manifest" filename="src/generators/manifest.rs" line-rate="1" branch-rate="0" complexity="0"><methods/><lines><line number="114" hits="5"/><line number="119" hits="15"/><line number="120" hits="15"/><line number="121" hits="10"/><line number="122" hits="5"/><line number="127" hits="2"/><line number="128" hits="4"/><line number="129" hits="2"/><line number="133" hits="2"/><line number="134" hits="4"/><line number="135" hits="2"/><line number="141" hits="13"/><line number="142" hits="13"/><line number="146" hits="8"/><line number="149" hits="16"/><line number="151" hits="24"/><line number="152" hits="12"/><line number="154" hits="20"/><line number="155" hits="6"/><line number="157" hits="22"/><line number="158" hits="9"/><line number="160" hits="20"/><line number="161" hits="6"/><line number="163" hits="17"/><line number="165" hits="3"/><line number="167" hits="18"/><line number="168" hits="3"/><line number="169" hits="2"/><line number="172" hits="16"/><line number="193" hits="17"/><line number="194" hits="34"/><line number="195" hits="17"/><line number="199" hits="8"/><line number="200" hits="16"/><line number="201" hits="8"/><line number="205" hits="8"/><line number="206" hits="16"/><line number="207" hits="8"/><line number="211" hits="5"/><line number="212" hits="10"/><line number="213" hits="5"/><line number="217" hits="3"/><line number="218" hits="6"/><line number="219" hits="3"/><line number="223" hits="4"/><line number="227" hits="8"/><line number="228" hits="4"/><line number="232" hits="5"/><line number="233" hits="10"/><line number="234" hits="5"/><line number="238" hits="3"/><line number="239" hits="9"/><line number="240" hits="3"/><line number="244" hits="1"/><line number="248" hits="2"/><line number="249" hits="1"/><line number="253" hits="1"/><line number="254" hits="2"/><line number="255" hits="1"/><line number="259" hits="21"/><line number="260" hits="63"/><line number="261" hits="42"/><line number="262" hits="5"/><line number="263" hits="5"/><line number="268" hits="32"/><line number="269" hits="48"/><line number="270" hits="16"/><line number="271" hits="16"/><line number="272" hits="28"/><line number="273" hits="16"/><line number="274" hits="16"/><line number="275" hits="38"/><line number="276" hits="16"/><line number="277" hits="16"/><line number="278" hits="42"/><line number="279" hits="16"/><line number="280" hits="16"/><line number="281" hits="16"/><line number="282" hits="40"/><line number="283" hits="32"/><line number="284" hits="16"/><line number="285" hits="16"/><line number="286" hits="16"/><line number="287" hits="46"/><line number="288" hits="16"/><line number="289" hits="16"/><line number="290" hits="46"/><line number="303" hits="10"/><line number="308" hits="1"/><line number="311" hits="3"/><line number="312" hits="3"/><line number="313" hits="2"/><line number="317" hits="10"/><line number="318" hits="20"/><line number="319" hits="10"/><line number="320" hits="10"/><line number="321" hits="10"/><line number="322" hits="10"/><line number="323" hits="10"/><line number="324" hits="10"/><line number="325" hits="10"/><line number="326" hits="32"/><line number="327" hits="4"/><line number="328" hits="10"/><line number="329" hits="10"/><line number="330" hits="6"/><line number="331" hits="10"/><line number="333" hits="6"/><line number="334" hits="10"/><line number="336" hits="2"/><line number="337" hits="12"/><line number="338" hits="10"/><line number="339" hits="10"/><line number="342" hits="20"/><line number="343" hits="10"/><line number="372" hits="33"/><line number="373" hits="66"/><line number="374" hits="939"/><line number="375" hits="66"/><line number="400" hits="18"/><line number="401" hits="18"/><line number="402" hits="26"/><line number="403" hits="152"/><line number="404" hits="8"/><line number="406" hits="12"/><line number="408" hits="12"/></lines></class><class name="news_sitemap" filename="src/generators/news_sitemap.rs" line-rate="0.9754098360655737" branch-rate="0" complexity="0"><methods/><lines><line number="48" hits="20"/><line number="53" hits="36"/><line number="55" hits="180"/><line number="60" hits="19"/><line number="62" hits="38"/><line number="63" hits="57"/><line number="64" hits="19"/><line number="69" hits="17"/><line number="71" hits="34"/><line number="76" hits="34"/><line number="81" hits="34"/><line number="86" hits="34"/><line number="91" hits="34"/><line number="94" hits="51"/><line number="95" hits="51"/><line number="99" hits="34"/><line number="114" hits="13"/><line number="119" hits="12"/><line number="120" hits="12"/><line number="121" hits="24"/><line number="122" hits="0"/><line number="123" hits="0"/><line number="127" hits="0"/><line number="133" hits="12"/><line number="136" hits="36"/><line number="137" hits="24"/><line number="138" hits="24"/><line number="140" hits="24"/><line number="142" hits="24"/><line number="143" hits="12"/><line number="144" hits="12"/><line number="146" hits="12"/><line number="148" hits="12"/><line number="150" hits="12"/><line number="154" hits="24"/><line number="155" hits="12"/><line number="157" hits="24"/><line number="158" hits="12"/><line number="160" hits="36"/><line number="161" hits="12"/><line number="163" hits="36"/><line number="165" hits="24"/><line number="166" hits="12"/><line number="168" hits="24"/><line number="169" hits="12"/><line number="171" hits="24"/><line number="172" hits="12"/><line number="174" hits="36"/><line number="175" hits="12"/><line number="177" hits="36"/><line number="178" hits="24"/><line number="179" hits="12"/><line number="181" hits="36"/><line number="182" hits="12"/><line number="184" hits="36"/><line number="185" hits="36"/><line number="187" hits="24"/><line number="188" hits="12"/><line number="192" hits="36"/><line number="193" hits="12"/><line number="195" hits="36"/><line number="197" hits="24"/><line number="198" hits="12"/><line number="200" hits="36"/><line number="201" hits="12"/><line number="203" hits="36"/><line number="205" hits="36"/><line number="206" hits="36"/><line number="207" hits="36"/><line number="209" hits="24"/><line number="214" hits="21"/><line number="215" hits="42"/><line number="216" hits="21"/><line number="217" hits="21"/><line number="219" hits="10"/><line number="220" hits="10"/><line number="222" hits="16"/><line number="223" hits="16"/><line number="224" hits="16"/><line number="225" hits="32"/><line number="232" hits="25"/><line number="233" hits="50"/><line number="234" hits="25"/><line number="235" hits="50"/><line number="236" hits="50"/><line number="237" hits="50"/><line number="238" hits="25"/><line number="239" hits="25"/><line number="242" hits="25"/><line number="244" hits="57"/><line number="245" hits="96"/><line number="246" hits="96"/><line number="247" hits="10"/><line number="249" hits="22"/><line number="257" hits="278"/><line number="258" hits="278"/><line number="261" hits="4634"/><line number="262" hits="4634"/><line number="268" hits="277"/><line number="269" hits="319"/><line number="270" hits="10"/><line number="272" hits="544"/><line number="277" hits="559"/><line number="279" hits="1116"/><line number="280" hits="544"/><line number="284" hits="2411"/><line number="285" hits="2366"/><line number="286" hits="2364"/><line number="287" hits="2364"/><line number="288" hits="2364"/><line number="289" hits="2363"/><line number="290" hits="4724"/><line number="292" hits="15"/><line number="293" hits="5"/><line number="297" hits="4516"/><line number="298" hits="1"/><line number="302" hits="9"/><line number="303" hits="1"/><line number="306" hits="16"/><line number="310" hits="299"/><line number="311" hits="598"/><line number="312" hits="15887"/></lines></class><class name="tags" filename="src/generators/tags.rs" line-rate="1" branch-rate="0" complexity="0"><methods/><lines><line number="92" hits="13"/><line number="93" hits="230"/><line number="100" hits="9"/><line number="104" hits="18"/><line number="106" hits="18"/><line number="107" hits="18"/><line number="108" hits="36"/><line number="110" hits="9"/><line number="112" hits="33"/><line number="113" hits="33"/><line number="116" hits="18"/><line number="117" hits="6"/><line number="118" hits="6"/><line number="121" hits="9"/><line number="122" hits="18"/><line number="125" hits="12"/><line number="126" hits="12"/><line number="127" hits="10"/><line number="128" hits="10"/><line number="129" hits="10"/><line number="130" hits="10"/><line number="131" hits="10"/><line number="132" hits="10"/><line number="133" hits="10"/><line number="134" hits="10"/><line number="135" hits="10"/><line number="136" hits="10"/><line number="137" hits="10"/><line number="138" hits="10"/><line number="139" hits="10"/><line number="140" hits="10"/><line number="141" hits="10"/><line number="142" hits="10"/><line number="143" hits="10"/><line number="144" hits="10"/><line number="146" hits="1"/><line number="149" hits="10"/><line number="150" hits="6"/><line number="151" hits="18"/><line number="152" hits="3"/><line number="153" hits="3"/><line number="154" hits="3"/><line number="155" hits="3"/><line number="156" hits="3"/><line number="158" hits="36"/><line number="159" hits="6"/><line number="160" hits="12"/><line number="163" hits="6"/><line number="164" hits="6"/><line number="166" hits="6"/><line number="169" hits="3"/><line number="175" hits="2"/><line number="179" hits="12"/><line number="180" hits="12"/><line number="181" hits="4"/><line number="185" hits="4"/><line number="189" hits="8"/><line number="198" hits="6"/><line number="201" hits="12"/><line number="204" hits="12"/><line number="208" hits="30"/><line number="209" hits="6"/><line number="211" hits="12"/><line number="212" hits="34"/><line number="215" hits="18"/><line number="216" hits="6"/><line number="217" hits="6"/><line number="221" hits="22"/><line number="222" hits="10"/><line number="223" hits="15"/><line number="224" hits="5"/><line number="225" hits="15"/><line number="227" hits="15"/><line number="230" hits="20"/><line number="231" hits="5"/><line number="232" hits="15"/><line number="233" hits="15"/><line number="234" hits="15"/><line number="235" hits="5"/><line number="236" hits="5"/><line number="240" hits="15"/><line number="243" hits="20"/><line number="245" hits="5"/><line number="246" hits="5"/><line number="247" hits="10"/><line number="249" hits="10"/><line number="256" hits="10"/><line number="257" hits="2"/><line number="259" hits="8"/><line number="262" hits="15"/><line number="269" hits="10"/><line number="270" hits="10"/><line number="271" hits="10"/><line number="272" hits="10"/><line number="273" hits="5"/><line number="274" hits="8"/><line number="276" hits="1"/><line number="281" hits="15"/><line number="282" hits="15"/><line number="285" hits="18"/><line number="286" hits="6"/><line number="290" hits="32"/><line number="291" hits="128"/><line number="300" hits="4"/><line number="304" hits="12"/><line number="306" hits="12"/><line number="307" hits="6"/><line number="309" hits="9"/><line number="311" hits="9"/><line number="313" hits="9"/><line number="314" hits="9"/><line number="316" hits="3"/></lines></class></classes></package><package name="" line-rate="0.9770642201834863" branch-rate="0" complexity="0"><classes></classes></package><package name="src/macros" line-rate="1" branch-rate="0" complexity="0"><classes><class name="directory_macros" filename="src/macros/directory_macros.rs" line-rate="1" branch-rate="0" complexity="0"><methods/><lines><line number="103" hits="1"/><line number="104" hits="1"/><line number="147" hits="6"/><line number="149" hits="5"/><line number="150" hits="6"/><line number="151" hits="5"/><line number="153" hits="5"/></lines></class><class name="shell_macros" filename="src/macros/shell_macros.rs" line-rate="1" branch-rate="0" complexity="0"><methods/><lines><line number="91" hits="11"/><line number="95" hits="11"/><line number="96" hits="55"/><line number="98" hits="33"/><line number="99" hits="11"/><line number="101" hits="11"/><line number="102" hits="11"/><line number="103" hits="11"/><line number="108" hits="8"/><line number="109" hits="24"/><line number="110" hits="24"/><line number="111" hits="8"/><line number="115" hits="9"/><line number="116" hits="18"/><line number="117" hits="2"/><line number="120" hits="7"/><line number="121" hits="6"/><line number="123" hits="6"/><line number="124" hits="2"/><line number="125" hits="4"/><line number="126" hits="2"/><line number="127" hits="2"/><line number="130" hits="4"/><line number="132" hits="2"/><line number="160" hits="4"/><line number="161" hits="8"/><line number="162" hits="4"/><line number="164" hits="12"/><line number="166" hits="1"/><line number="167" hits="1"/><line number="168" hits="1"/><line number="169" hits="2"/><line number="170" hits="1"/><line number="174" hits="2"/></lines></class></classes></package><package name="src/utilities" line-rate="0.927461139896373" branch-rate="0" complexity="0"><classes><class name="backup" filename="src/utilities/backup.rs" line-rate="1" branch-rate="0" complexity="0"><methods/><lines><line number="38" hits="30"/><line number="40" hits="30"/><line number="41" hits="6"/><line number="42" hits="3"/><line number="43" hits="3"/><line number="47" hits="81"/><line number="50" hits="25"/><line number="51" hits="110"/><line number="52" hits="2"/><line number="53" hits="4"/><line number="54" hits="2"/><line number="61" hits="25"/></lines></class><class name="directory" filename="src/utilities/directory.rs" line-rate="0.9259259259259259" branch-rate="0" complexity="0"><methods/><lines><line number="19" hits="2"/><line number="20" hits="4"/><line number="21" hits="4"/><line number="26" hits="1"/><line number="27" hits="1"/><line number="28" hits="1"/><line number="30" hits="2"/><line number="64" hits="4"/><line number="65" hits="8"/><line number="66" hits="2"/><line number="67" hits="1"/><line number="68" hits="1"/><line number="69" hits="1"/><line number="73" hits="7"/><line number="74" hits="1"/><line number="77" hits="2"/><line number="95" hits="4"/><line number="99" hits="4"/><line number="100" hits="4"/><line number="103" hits="0"/><line number="106" hits="12"/><line number="108" hits="8"/><line number="109" hits="2"/><line number="111" hits="0"/><line number="113" hits="4"/><line number="116" hits="8"/><line number="117" hits="4"/><line number="119" hits="16"/><line number="120" hits="16"/><line number="122" hits="4"/><line number="123" hits="8"/><line number="125" hits="7"/><line number="127" hits="6"/><line number="129" hits="3"/><line number="131" hits="9"/><line number="132" hits="3"/><line number="134" hits="10"/><line number="136" hits="2"/><line number="138" hits="2"/><line number="154" hits="3"/><line number="155" hits="6"/><line number="157" hits="9"/><line number="158" hits="6"/><line number="159" hits="9"/><line number="161" hits="3"/><line number="162" hits="4"/><line number="163" hits="4"/><line number="164" hits="6"/><line number="165" hits="4"/><line number="170" hits="3"/><line number="186" hits="2"/><line number="189" hits="6"/><line number="190" hits="4"/><line number="191" hits="2"/><line number="194" hits="2"/><line number="196" hits="6"/><line number="197" hits="0"/><line number="198" hits="0"/><line number="200" hits="0"/><line number="204" hits="2"/><line number="207" hits="2"/><line number="223" hits="2"/><line number="226" hits="5"/><line number="227" hits="6"/><line number="228" hits="1"/><line number="231" hits="6"/><line number="232" hits="0"/><line number="233" hits="0"/><line number="235" hits="0"/><line number="240" hits="2"/><line number="259" hits="68"/><line number="260" hits="276"/><line number="261" hits="144"/><line number="289" hits="4"/><line number="293" hits="16"/><line number="294" hits="28"/><line number="295" hits="24"/><line number="296" hits="28"/><line number="298" hits="12"/><line number="299" hits="16"/><line number="300" hits="12"/><line number="302" hits="4"/><line number="308" hits="8"/><line number="309" hits="8"/><line number="312" hits="8"/><line number="333" hits="6"/><line number="334" hits="6"/><line number="335" hits="18"/><line number="337" hits="36"/><line number="338" hits="36"/><line number="339" hits="13"/><line number="340" hits="9"/><line number="342" hits="2"/><line number="346" hits="1"/><line number="354" hits="1"/><line number="355" hits="2"/><line number="356" hits="1"/><line number="357" hits="1"/><line number="358" hits="1"/><line number="359" hits="2"/><line number="360" hits="1"/><line number="361" hits="1"/><line number="362" hits="1"/><line number="363" hits="1"/><line number="364" hits="1"/><line number="365" hits="1"/><line number="366" hits="1"/><line number="367" hits="1"/><line number="368" hits="1"/><line number="369" hits="1"/><line number="388" hits="16"/><line number="393" hits="38"/><line number="394" hits="6"/><line number="395" hits="4"/><line number="396" hits="0"/><line number="398" hits="4"/><line number="399" hits="6"/><line number="400" hits="0"/><line number="402" hits="8"/><line number="403" hits="2"/><line number="405" hits="2"/><line number="406" hits="2"/><line number="410" hits="28"/><line number="434" hits="4"/><line number="435" hits="4"/><line number="436" hits="1"/><line number="439" hits="6"/><line number="440" hits="18"/><line number="441" hits="6"/><line number="442" hits="4"/><line number="443" hits="8"/><line number="444" hits="2"/><line number="445" hits="6"/><line number="446" hits="4"/><line number="448" hits="1"/></lines></class><class name="element" filename="src/utilities/element.rs" line-rate="1" branch-rate="0" complexity="0"><methods/><lines><line number="29" hits="3"/><line number="34" hits="3"/><line number="35" hits="6"/><line number="36" hits="6"/><line number="39" hits="6"/><line number="40" hits="6"/><line number="41" hits="2"/><line number="44" hits="6"/><line number="45" hits="6"/><line number="47" hits="3"/><line number="50" hits="2"/><line number="51" hits="12"/></lines></class><class name="file" filename="src/utilities/file.rs" line-rate="0.972972972972973" branch-rate="0" complexity="0"><methods/><lines><line number="24" hits="11"/><line number="25" hits="33"/><line number="26" hits="24"/><line number="27" hits="42"/><line number="28" hits="42"/><line number="29" hits="14"/><line number="30" hits="13"/><line number="31" hits="39"/><line number="32" hits="13"/><line number="33" hits="1"/><line number="36" hits="24"/><line number="37" hits="12"/><line number="38" hits="1"/><line number="40" hits="0"/><line number="42" hits="1"/><line number="45" hits="32"/><line number="46" hits="12"/><line number="47" hits="1"/><line number="51" hits="1"/><line number="53" hits="12"/><line number="54" hits="10"/><line number="56" hits="1"/><line number="59" hits="20"/><line number="60" hits="30"/><line number="62" hits="10"/><line number="63" hits="30"/><line number="64" hits="30"/><line number="65" hits="30"/><line number="66" hits="30"/><line number="67" hits="30"/><line number="68" hits="20"/><line number="69" hits="30"/><line number="70" hits="30"/><line number="71" hits="30"/><line number="72" hits="10"/><line number="73" hits="10"/><line number="78" hits="10"/></lines></class><class name="security" filename="src/utilities/security.rs" line-rate="1" branch-rate="0" complexity="0"><methods/><lines><line number="52" hits="780"/><line number="53" hits="3120"/><line number="56" hits="1560"/><line number="57" hits="5"/><line number="61" hits="2325"/><line number="63" hits="30420"/><line number="64" hits="59290"/><line number="65" hits="9695"/><line number="66" hits="8685"/><line number="67" hits="7737"/><line number="68" hits="7283"/><line number="73" hits="2325"/><line number="74" hits="2560"/><line number="75" hits="1785"/><line number="76" hits="3577"/><line number="77" hits="1658"/><line number="80" hits="8"/><line number="82" hits="6568"/><line number="86" hits="2325"/><line number="87" hits="1550"/><line number="88" hits="31"/><line number="91" hits="744"/><line number="122" hits="5"/><line number="124" hits="5"/><line number="125" hits="4"/><line number="126" hits="2"/><line number="127" hits="2"/><line number="128" hits="2"/><line number="133" hits="3"/><line number="134" hits="2"/><line number="135" hits="1"/><line number="136" hits="1"/><line number="137" hits="1"/><line number="142" hits="2"/><line number="143" hits="1"/><line number="144" hits="1"/><line number="145" hits="1"/><line number="146" hits="2"/><line number="147" hits="1"/><line number="148" hits="1"/><line number="149" hits="1"/></lines></class><class name="uuid" filename="src/utilities/uuid.rs" line-rate="1" branch-rate="0" complexity="0"><methods/><lines><line number="23" hits="6"/><line number="25" hits="12"/></lines></class><class name="write" filename="src/utilities/write.rs" line-rate="0.8843537414965986" branch-rate="0" complexity="0"><methods/><lines><line number="77" hits="3"/><line number="82" hits="3"/><line number="84" hits="0"/><line number="87" hits="6"/><line number="88" hits="9"/><line number="89" hits="6"/><line number="90" hits="12"/><line number="92" hits="3"/><line number="93" hits="3"/><line number="95" hits="3"/><line number="96" hits="2"/><line number="97" hits="8"/><line number="100" hits="2"/><line number="101" hits="6"/><line number="104" hits="1"/><line number="105" hits="4"/><line number="108" hits="1"/><line number="109" hits="3"/><line number="113" hits="3"/><line number="115" hits="0"/><line number="117" hits="3"/><line number="133" hits="11"/><line number="134" hits="11"/><line number="135" hits="33"/><line number="136" hits="53"/><line number="137" hits="9"/><line number="138" hits="10"/><line number="139" hits="29"/><line number="141" hits="18"/><line number="143" hits="27"/><line number="144" hits="18"/><line number="146" hits="9"/><line number="147" hits="9"/><line number="150" hits="2"/><line number="151" hits="4"/><line number="170" hits="49"/><line number="176" hits="196"/><line number="177" hits="49"/><line number="179" hits="196"/><line number="180" hits="0"/><line number="183" hits="69"/><line number="184" hits="3"/><line number="185" hits="6"/><line number="189" hits="49"/><line number="204" hits="5"/><line number="205" hits="5"/><line number="206" hits="4"/><line number="207" hits="16"/><line number="208" hits="1"/><line number="210" hits="2"/><line number="214" hits="16"/><line number="215" hits="0"/><line number="217" hits="0"/><line number="221" hits="4"/><line number="222" hits="4"/><line number="236" hits="9"/><line number="241" hits="36"/><line number="242" hits="36"/><line number="243" hits="9"/><line number="245" hits="0"/><line number="246" hits="0"/><line number="249" hits="38"/><line number="250" hits="2"/><line number="252" hits="2"/><line number="253" hits="2"/><line number="257" hits="7"/><line number="258" hits="7"/><line number="273" hits="4"/><line number="274" hits="4"/><line number="275" hits="4"/><line number="276" hits="4"/><line number="277" hits="4"/><line number="278" hits="4"/><line number="279" hits="4"/><line number="280" hits="4"/><line number="281" hits="4"/><line number="298" hits="37"/><line number="299" hits="37"/><line number="300" hits="41"/><line number="301" hits="37"/><line number="302" hits="33"/><line number="303" hits="29"/><line number="304" hits="25"/><line number="305" hits="21"/><line number="306" hits="17"/><line number="307" hits="13"/><line number="308" hits="9"/><line number="309" hits="1"/><line number="327" hits="3"/><line number="332" hits="3"/><line number="333" hits="30"/><line number="334" hits="27"/><line number="336" hits="27"/><line number="337" hits="27"/><line number="338" hits="54"/><line number="339" hits="27"/><line number="341" hits="27"/><line number="342" hits="0"/><line number="345" hits="0"/><line number="349" hits="3"/><line number="363" hits="4"/><line number="367" hits="4"/><line number="369" hits="0"/><line number="370" hits="0"/><line number="372" hits="11"/><line number="373" hits="7"/><line number="374" hits="28"/><line number="375" hits="8"/><line number="376" hits="1"/><line number="379" hits="3"/><line number="396" hits="3"/><line number="401" hits="3"/><line number="402" hits="9"/><line number="403" hits="0"/><line number="405" hits="0"/><line number="409" hits="39"/><line number="410" hits="18"/><line number="411" hits="90"/><line number="412" hits="18"/><line number="413" hits="0"/><line number="416" hits="0"/><line number="420" hits="3"/><line number="436" hits="4"/><line number="440" hits="4"/><line number="442" hits="0"/><line number="444" hits="8"/><line number="446" hits="20"/><line number="447" hits="4"/><line number="448" hits="0"/><line number="450" hits="4"/><line number="452" hits="36"/><line number="453" hits="12"/><line number="454" hits="48"/><line number="456" hits="24"/><line number="457" hits="6"/><line number="459" hits="9"/><line number="461" hits="36"/><line number="465" hits="4"/><line number="467" hits="4"/><line number="468" hits="28"/><line number="469" hits="12"/><line number="470" hits="4"/><line number="471" hits="16"/><line number="472" hits="12"/><line number="474" hits="4"/><line number="476" hits="4"/><line number="477" hits="4"/></lines></class></classes></package><package name="examples" line-rate="0" branch-rate="0" complexity="0"><classes></classes></package><package name="src/compiler" line-rate="0.9901960784313726" branch-rate="0" complexity="0"><classes><class name="service" filename="src/compiler/service.rs" line-rate="0.9901960784313726" branch-rate="0" complexity="0"><methods/><lines><line number="57" hits="3"/><line number="64" hits="3"/><line number="68" hits="8"/><line number="73" hits="2"/><line number="74" hits="4"/><line number="76" hits="4"/><line number="77" hits="2"/><line number="80" hits="1"/><line number="81" hits="7"/><line number="82" hits="1"/><line number="84" hits="1"/><line number="85" hits="3"/><line number="88" hits="3"/><line number="90" hits="2"/><line number="91" hits="1"/><line number="92" hits="1"/><line number="93" hits="1"/><line number="94" hits="1"/><line number="95" hits="1"/><line number="96" hits="1"/><line number="97" hits="1"/><line number="103" hits="2"/><line number="105" hits="2"/><line number="108" hits="1"/><line number="109" hits="1"/><line number="110" hits="1"/><line number="111" hits="1"/><line number="112" hits="1"/><line number="116" hits="2"/><line number="118" hits="1"/><line number="119" hits="1"/><line number="120" hits="1"/><line number="125" hits="3"/><line number="126" hits="3"/><line number="129" hits="2"/><line number="131" hits="3"/><line number="134" hits="1"/><line number="153" hits="14"/><line number="154" hits="42"/><line number="155" hits="28"/><line number="156" hits="28"/><line number="157" hits="28"/><line number="159" hits="63"/><line number="160" hits="49"/><line number="161" hits="23"/><line number="163" hits="11"/><line number="166" hits="12"/><line number="167" hits="12"/><line number="171" hits="51"/><line number="172" hits="100"/><line number="173" hits="25"/><line number="175" hits="4"/><line number="176" hits="1"/><line number="181" hits="50"/><line number="182" hits="72"/><line number="183" hits="18"/><line number="186" hits="42"/><line number="198" hits="5"/><line number="205" hits="10"/><line number="210" hits="15"/><line number="223" hits="5"/><line number="226" hits="15"/><line number="227" hits="5"/><line number="228" hits="5"/><line number="229" hits="10"/><line number="230" hits="10"/><line number="231" hits="10"/><line number="232" hits="10"/><line number="233" hits="10"/><line number="234" hits="10"/><line number="235" hits="10"/><line number="236" hits="10"/><line number="237" hits="10"/><line number="238" hits="10"/><line number="240" hits="10"/><line number="241" hits="10"/><line number="243" hits="10"/><line number="244" hits="10"/><line number="245" hits="10"/><line number="246" hits="10"/><line number="247" hits="10"/><line number="250" hits="10"/><line number="251" hits="15"/><line number="252" hits="10"/><line number="254" hits="5"/><line number="256" hits="15"/><line number="257" hits="15"/><line number="258" hits="15"/><line number="259" hits="15"/><line number="261" hits="10"/><line number="262" hits="6"/><line number="274" hits="5"/><line number="277" hits="10"/><line number="278" hits="9"/><line number="279" hits="8"/><line number="280" hits="3"/><line number="281" hits="3"/><line number="294" hits="10"/><line number="298" hits="40"/><line number="299" hits="10"/><line number="300" hits="20"/><line number="301" hits="10"/><line number="302" hits="10"/><line number="303" hits="30"/><line number="305" hits="0"/><line number="306" hits="0"/><line number="311" hits="20"/><line number="313" hits="15"/><line number="314" hits="12"/><line number="318" hits="20"/><line number="320" hits="13"/><line number="321" hits="6"/><line number="322" hits="6"/><line number="323" hits="3"/><line number="324" hits="4"/><line number="325" hits="1"/><line number="329" hits="1"/><line number="332" hits="3"/><line number="333" hits="1"/><line number="334" hits="2"/><line number="336" hits="2"/><line number="337" hits="2"/><line number="338" hits="2"/><line number="344" hits="20"/><line number="367" hits="4"/><line number="380" hits="12"/><line number="381" hits="12"/><line number="382" hits="16"/><line number="384" hits="12"/><line number="386" hits="12"/><line number="387" hits="12"/><line number="388" hits="12"/><line number="389" hits="14"/><line number="392" hits="3"/><line number="393" hits="3"/><line number="394" hits="6"/><line number="395" hits="3"/><line number="396" hits="3"/><line number="397" hits="6"/><line number="398" hits="3"/><line number="399" hits="3"/><line number="400" hits="3"/><line number="401" hits="3"/><line number="402" hits="3"/><line number="420" hits="5"/><line number="429" hits="10"/><line number="430" hits="5"/><line number="431" hits="9"/><line number="432" hits="10"/><line number="436" hits="9"/><line number="439" hits="6"/><line number="440" hits="45"/><line number="441" hits="65"/><line number="444" hits="18"/><line number="445" hits="15"/><line number="446" hits="18"/><line number="447" hits="18"/><line number="448" hits="15"/><line number="449" hits="15"/><line number="450" hits="15"/><line number="452" hits="6"/><line number="453" hits="108"/><line number="454" hits="170"/><line number="457" hits="8"/><line number="458" hits="3"/><line number="459" hits="12"/><line number="463" hits="6"/><line number="464" hits="6"/><line number="465" hits="6"/><line number="466" hits="2"/><line number="470" hits="2"/><line number="471" hits="2"/><line number="472" hits="2"/><line number="473" hits="2"/><line number="474" hits="2"/><line number="475" hits="2"/><line number="476" hits="2"/><line number="477" hits="2"/><line number="478" hits="2"/><line number="479" hits="2"/><line number="480" hits="2"/><line number="490" hits="10"/><line number="494" hits="22"/><line number="495" hits="18"/><line number="497" hits="6"/><line number="498" hits="7"/><line number="499" hits="14"/><line number="500" hits="7"/><line number="501" hits="7"/><line number="502" hits="7"/><line number="503" hits="14"/><line number="504" hits="7"/><line number="505" hits="7"/><line number="506" hits="7"/><line number="507" hits="14"/><line number="508" hits="7"/><line number="509" hits="7"/><line number="510" hits="7"/><line number="511" hits="14"/><line number="512" hits="7"/><line number="513" hits="7"/><line number="517" hits="12"/><line number="518" hits="18"/><line number="520" hits="12"/></lines></class></classes></package><package name="src" line-rate="0.9770642201834863" branch-rate="0" complexity="0"><classes><class name="lib" filename="src/lib.rs" line-rate="1" branch-rate="0" complexity="0"><methods/><lines><line number="161" hits="15"/><line number="162" hits="15"/><line number="168" hits="13"/><line number="169" hits="26"/><line number="170" hits="13"/><line number="178" hits="2"/><line number="182" hits="4"/><line number="183" hits="2"/><line number="189" hits="9"/><line number="190" hits="36"/><line number="191" hits="9"/><line number="197" hits="6"/><line number="198" hits="6"/><line number="199" hits="6"/><line number="206" hits="15"/><line number="207" hits="15"/><line number="208" hits="34"/><line number="211" hits="20"/><line number="212" hits="15"/><line number="213" hits="5"/><line number="214" hits="5"/><line number="215" hits="10"/><line number="220" hits="27"/><line number="221" hits="6"/><line number="226" hits="15"/><line number="297" hits="10"/><line number="298" hits="10"/><line number="302" hits="4"/><line number="303" hits="8"/><line number="304" hits="4"/><line number="308" hits="6"/><line number="309" hits="12"/><line number="310" hits="6"/><line number="314" hits="7"/><line number="315" hits="14"/><line number="316" hits="7"/><line number="320" hits="7"/><line number="321" hits="14"/><line number="322" hits="7"/><line number="326" hits="1"/><line number="331" hits="2"/><line number="332" hits="2"/><line number="333" hits="1"/><line number="340" hits="10"/><line number="341" hits="36"/><line number="342" hits="6"/><line number="345" hits="20"/><line number="347" hits="26"/><line number="348" hits="16"/><line number="350" hits="26"/><line number="351" hits="16"/><line number="353" hits="22"/><line number="354" hits="12"/><line number="357" hits="30"/><line number="358" hits="4"/><line number="360" hits="16"/><line number="389" hits="2"/><line number="391" hits="2"/><line number="414" hits="1"/><line number="415" hits="1"/><line number="436" hits="2"/><line number="439" hits="2"/><line number="459" hits="1"/><line number="464" hits="2"/><line number="487" hits="5"/><line number="490" hits="5"/><line number="509" hits="4"/><line number="510" hits="4"/><line number="528" hits="3"/><line number="529" hits="3"/></lines></class></classes></package><package name="src/models" line-rate="0.9946524064171123" branch-rate="0" complexity="0"><classes><class name="data" filename="src/models/data.rs" line-rate="0.9946524064171123" branch-rate="0" complexity="0"><methods/><lines><line number="133" hits="58"/><line number="134" hits="116"/><line number="135" hits="1"/><line number="138" hits="184"/><line number="139" hits="13"/><line number="143" hits="88"/><line number="144" hits="86"/><line number="145" hits="84"/><line number="146" hits="82"/><line number="148" hits="4"/><line number="149" hits="4"/><line number="153" hits="40"/><line number="157" hits="38"/><line number="158" hits="76"/><line number="159" hits="1"/><line number="162" hits="154"/><line number="163" hits="6"/><line number="164" hits="6"/><line number="165" hits="6"/><line number="169" hits="31"/><line number="173" hits="22"/><line number="174" hits="44"/><line number="175" hits="1"/><line number="178" hits="21"/><line number="179" hits="96"/><line number="181" hits="5"/><line number="182" hits="5"/><line number="183" hits="5"/><line number="187" hits="16"/><line number="191" hits="9"/><line number="192" hits="18"/><line number="193" hits="1"/><line number="196" hits="24"/><line number="198" hits="24"/><line number="199" hits="9"/><line number="200" hits="50"/><line number="202" hits="24"/><line number="203" hits="4"/><line number="204" hits="4"/><line number="205" hits="2"/><line number="206" hits="20"/><line number="207" hits="2"/><line number="210" hits="12"/><line number="211" hits="3"/><line number="212" hits="3"/><line number="213" hits="3"/><line number="217" hits="5"/><line number="221" hits="7"/><line number="224" hits="14"/><line number="225" hits="1"/><line number="228" hits="6"/><line number="229" hits="2"/><line number="230" hits="2"/><line number="234" hits="8"/><line number="235" hits="4"/><line number="236" hits="3"/><line number="237" hits="3"/><line number="238" hits="55"/><line number="240" hits="2"/><line number="241" hits="2"/><line number="245" hits="2"/><line number="249" hits="16"/><line number="250" hits="32"/><line number="251" hits="1"/><line number="254" hits="75"/><line number="255" hits="15"/><line number="256" hits="26"/><line number="257" hits="24"/><line number="259" hits="4"/><line number="260" hits="4"/><line number="261" hits="4"/><line number="265" hits="11"/><line number="291" hits="147"/><line number="296" hits="588"/><line number="297" hits="147"/><line number="298" hits="14"/><line number="300" hits="133"/><line number="304" hits="20"/><line number="305" hits="80"/><line number="306" hits="0"/><line number="307" hits="0"/><line number="308" hits="0"/><line number="313" hits="182"/><line number="314" hits="2"/><line number="315" hits="2"/><line number="316" hits="2"/><line number="320" hits="18"/><line number="348" hits="14"/><line number="359" hits="13"/><line number="360" hits="26"/><line number="361" hits="1"/><line number="362" hits="1"/><line number="366" hits="48"/><line number="367" hits="12"/><line number="368" hits="2"/><line number="369" hits="2"/><line number="373" hits="29"/><line number="374" hits="56"/><line number="375" hits="1"/><line number="376" hits="1"/><line number="380" hits="18"/><line number="381" hits="18"/><line number="382" hits="207"/><line number="384" hits="2"/><line number="385" hits="2"/><line number="389" hits="62"/><line number="390" hits="2"/><line number="391" hits="2"/><line number="392" hits="2"/><line number="397" hits="5"/><line number="439" hits="9"/><line number="460" hits="7"/><line number="462" hits="14"/><line number="463" hits="1"/><line number="465" hits="6"/><line number="466" hits="1"/><line number="467" hits="1"/><line number="472" hits="10"/><line number="473" hits="1"/><line number="474" hits="1"/><line number="479" hits="4"/><line number="480" hits="9"/><line number="484" hits="6"/><line number="485" hits="1"/><line number="486" hits="1"/><line number="489" hits="2"/><line number="490" hits="1"/><line number="491" hits="1"/><line number="495" hits="1"/><line number="499" hits="1"/><line number="500" hits="1"/><line number="502" hits="20"/><line number="503" hits="56"/><line number="510" hits="1"/><line number="511" hits="1"/><line number="512" hits="1"/><line number="567" hits="131"/><line number="571" hits="262"/><line number="572" hits="262"/><line number="573" hits="262"/><line number="574" hits="262"/><line number="575" hits="262"/><line number="576" hits="262"/><line number="577" hits="262"/><line number="578" hits="131"/><line number="579" hits="131"/><line number="590" hits="10"/><line number="592" hits="20"/><line number="593" hits="1"/><line number="597" hits="18"/><line number="600" hits="9"/><line number="606" hits="36"/><line number="607" hits="40"/><line number="608" hits="26"/><line number="611" hits="9"/><line number="612" hits="1"/><line number="613" hits="1"/><line number="619" hits="8"/><line number="625" hits="14"/><line number="626" hits="1"/><line number="630" hits="6"/><line number="632" hits="2"/><line number="634" hits="3"/><line number="635" hits="1"/><line number="636" hits="1"/><line number="637" hits="1"/><line number="643" hits="5"/><line number="644" hits="3"/><line number="648" hits="10"/><line number="650" hits="5"/><line number="654" hits="5"/><line number="657" hits="5"/><line number="664" hits="5"/><line number="671" hits="5"/><line number="678" hits="5"/><line number="683" hits="5"/><line number="687" hits="2"/><line number="688" hits="4"/><line number="692" hits="1"/><line number="693" hits="2"/><line number="694" hits="4"/><line number="726" hits="8"/><line number="743" hits="6"/><line number="745" hits="6"/><line number="747" hits="12"/><line number="748" hits="13"/><line number="753" hits="5"/><line number="754" hits="10"/><line number="755" hits="15"/><line number="756" hits="5"/><line number="757" hits="1"/><line number="758" hits="1"/><line number="759" hits="1"/><line number="767" hits="4"/><line number="772" hits="3"/><line number="777" hits="2"/><line number="782" hits="1"/><line number="786" hits="1"/><line number="787" hits="1"/><line number="789" hits="7"/><line number="790" hits="7"/><line number="810" hits="4"/><line number="815" hits="3"/><line number="816" hits="6"/><line number="817" hits="1"/><line number="818" hits="1"/><line number="822" hits="2"/><line number="823" hits="1"/><line number="824" hits="1"/><line number="828" hits="1"/><line number="854" hits="17"/><line number="864" hits="12"/><line number="866" hits="24"/><line number="867" hits="1"/><line number="869" hits="22"/><line number="872" hits="22"/><line number="873" hits="1"/><line number="875" hits="21"/><line number="878" hits="11"/><line number="879" hits="4"/><line number="880" hits="6"/><line number="881" hits="1"/><line number="882" hits="1"/><line number="888" hits="13"/><line number="889" hits="10"/><line number="890" hits="5"/><line number="891" hits="10"/><line number="892" hits="5"/><line number="893" hits="5"/><line number="895" hits="15"/><line number="896" hits="1"/><line number="897" hits="1"/><line number="902" hits="7"/><line number="935" hits="19"/><line number="936" hits="19"/><line number="940" hits="19"/><line number="942" hits="19"/><line number="943" hits="1"/><line number="944" hits="1"/><line number="945" hits="1"/><line number="950" hits="18"/><line number="951" hits="1"/><line number="952" hits="1"/><line number="953" hits="1"/><line number="959" hits="17"/><line number="966" hits="16"/><line number="967" hits="2"/><line number="969" hits="16"/><line number="970" hits="5"/><line number="974" hits="15"/><line number="975" hits="2"/><line number="976" hits="4"/><line number="977" hits="6"/><line number="978" hits="1"/><line number="979" hits="1"/><line number="985" hits="14"/><line number="986" hits="18"/><line number="987" hits="9"/><line number="988" hits="18"/><line number="989" hits="18"/><line number="990" hits="18"/><line number="991" hits="18"/><line number="992" hits="18"/><line number="993" hits="9"/><line number="994" hits="9"/><line number="996" hits="27"/><line number="998" hits="1"/><line number="999" hits="1"/><line number="1005" hits="14"/><line number="1006" hits="1"/><line number="1007" hits="1"/><line number="1010" hits="12"/><line number="1011" hits="2"/><line number="1013" hits="1"/><line number="1014" hits="1"/><line number="1019" hits="12"/><line number="1020" hits="2"/><line number="1023" hits="11"/><line number="1052" hits="1"/><line number="1053" hits="1"/><line number="1057" hits="8"/><line number="1058" hits="8"/><line number="1062" hits="7"/><line number="1064" hits="7"/><line number="1065" hits="2"/><line number="1067" hits="7"/><line number="1068" hits="2"/><line number="1072" hits="7"/><line number="1073" hits="13"/><line number="1077" hits="6"/><line number="1078" hits="13"/><line number="1082" hits="5"/><line number="1083" hits="4"/><line number="1084" hits="2"/><line number="1085" hits="4"/><line number="1086" hits="4"/><line number="1087" hits="4"/><line number="1088" hits="2"/><line number="1089" hits="2"/><line number="1091" hits="6"/><line number="1092" hits="12"/><line number="1093" hits="8"/><line number="1094" hits="1"/><line number="1095" hits="1"/><line number="1096" hits="1"/><line number="1103" hits="8"/><line number="1104" hits="1"/><line number="1105" hits="1"/><line number="1109" hits="3"/><line number="1113" hits="1"/><line number="1114" hits="1"/><line number="1116" hits="5"/><line number="1117" hits="5"/><line number="1145" hits="5"/><line number="1166" hits="5"/><line number="1168" hits="11"/><line number="1171" hits="8"/><line number="1174" hits="8"/><line number="1177" hits="4"/><line number="1178" hits="6"/><line number="1179" hits="3"/><line number="1180" hits="6"/><line number="1181" hits="6"/><line number="1182" hits="6"/><line number="1183" hits="3"/><line number="1184" hits="3"/><line number="1186" hits="9"/><line number="1187" hits="9"/><line number="1188" hits="6"/><line number="1189" hits="1"/><line number="1190" hits="1"/><line number="1191" hits="1"/><line number="1198" hits="6"/><line number="1199" hits="1"/><line number="1200" hits="1"/><line number="1203" hits="4"/><line number="1204" hits="1"/><line number="1205" hits="1"/><line number="1209" hits="1"/><line number="1245" hits="16"/><line number="1248" hits="32"/><line number="1249" hits="32"/><line number="1250" hits="32"/><line number="1252" hits="32"/><line number="1253" hits="32"/><line number="1254" hits="16"/><line number="1255" hits="16"/><line number="1260" hits="12"/><line number="1262" hits="24"/><line number="1263" hits="2"/><line number="1268" hits="10"/><line number="1274" hits="9"/><line number="1279" hits="8"/><line number="1284" hits="7"/><line number="1289" hits="7"/><line number="1294" hits="6"/><line number="1300" hits="5"/><line number="1301" hits="3"/><line number="1305" hits="4"/><line number="1306" hits="3"/><line number="1310" hits="3"/><line number="1311" hits="2"/><line number="1314" hits="3"/><line number="1318" hits="3"/><line number="1319" hits="6"/><line number="1320" hits="4"/><line number="1321" hits="4"/><line number="1322" hits="4"/><line number="1323" hits="2"/><line number="1324" hits="2"/><line number="1328" hits="2"/><line number="1329" hits="4"/><line number="1330" hits="10"/><line number="1331" hits="10"/><line number="1332" hits="6"/><line number="1333" hits="6"/><line number="1334" hits="2"/><line number="1336" hits="3"/><line number="1337" hits="3"/><line number="1338" hits="3"/><line number="1339" hits="1"/><line number="1342" hits="3"/><line number="1343" hits="3"/><line number="1344" hits="3"/><line number="1345" hits="1"/><line number="1348" hits="2"/><line number="1371" hits="7"/><line number="1372" hits="7"/><line number="1376" hits="8"/><line number="1377" hits="8"/><line number="1378" hits="9"/><line number="1379" hits="8"/><line number="1380" hits="7"/><line number="1381" hits="6"/><line number="1382" hits="6"/><line number="1383" hits="2"/><line number="1388" hits="1"/><line number="1389" hits="2"/><line number="1390" hits="2"/><line number="1391" hits="2"/><line number="1392" hits="2"/><line number="1393" hits="2"/><line number="1397" hits="4"/><line number="1399" hits="4"/><line number="1401" hits="6"/><line number="1402" hits="8"/><line number="1403" hits="12"/><line number="1404" hits="1"/><line number="1405" hits="1"/><line number="1406" hits="1"/><line number="1413" hits="3"/><line number="1414" hits="2"/><line number="1416" hits="1"/><line number="1417" hits="1"/><line number="1421" hits="2"/><line number="1440" hits="4"/><line number="1445" hits="3"/><line number="1446" hits="6"/><line number="1447" hits="1"/><line number="1448" hits="1"/><line number="1452" hits="5"/><line number="1454" hits="1"/><line number="1458" hits="1"/><line number="1459" hits="1"/><line number="1461" hits="1"/><line number="1517" hits="11"/><line number="1518" hits="11"/><line number="1527" hits="38"/><line number="1528" hits="38"/><line number="1529" hits="39"/><line number="1530" hits="38"/><line number="1531" hits="37"/><line number="1532" hits="36"/><line number="1533" hits="39"/><line number="1534" hits="30"/><line number="1535" hits="29"/><line number="1536" hits="28"/><line number="1537" hits="27"/><line number="1538" hits="26"/><line number="1539" hits="25"/><line number="1540" hits="24"/><line number="1541" hits="23"/><line number="1542" hits="24"/><line number="1543" hits="19"/><line number="1544" hits="22"/><line number="1545" hits="13"/><line number="1546" hits="12"/><line number="1547" hits="15"/><line number="1548" hits="8"/><line number="1549" hits="3"/><line number="1550" hits="1"/><line number="1555" hits="10"/><line number="1557" hits="20"/><line number="1558" hits="20"/><line number="1559" hits="20"/><line number="1560" hits="10"/><line number="1563" hits="62"/><line number="1564" hits="52"/><line number="1565" hits="2"/><line number="1570" hits="8"/><line number="1571" hits="24"/><line number="1572" hits="8"/><line number="1573" hits="66"/><line number="1575" hits="17"/><line number="1579" hits="1"/><line number="1580" hits="14"/><line number="1581" hits="7"/><line number="1582" hits="45"/><line number="1584" hits="3"/><line number="1588" hits="6"/><line number="1589" hits="5"/><line number="1590" hits="1"/><line number="1591" hits="1"/><line number="1597" hits="5"/><line number="1598" hits="5"/><line number="1601" hits="4"/><line number="1616" hits="11"/><line number="1621" hits="6"/><line number="1622" hits="12"/><line number="1623" hits="1"/><line number="1624" hits="1"/><line number="1629" hits="5"/><line number="1630" hits="3"/><line number="1631" hits="3"/><line number="1633" hits="2"/><line number="1634" hits="2"/><line number="1638" hits="3"/><line number="1639" hits="2"/><line number="1640" hits="2"/><line number="1642" hits="1"/><line number="1643" hits="1"/><line number="1644" hits="1"/><line number="1648" hits="2"/><line number="1652" hits="4"/><line number="1653" hits="4"/><line number="1660" hits="1"/><line number="1661" hits="4"/><line number="1706" hits="12"/><line number="1710" hits="24"/><line number="1711" hits="24"/><line number="1712" hits="24"/><line number="1713" hits="24"/><line number="1714" hits="12"/><line number="1715" hits="12"/><line number="1720" hits="2"/><line number="1721" hits="2"/><line number="1729" hits="2"/><line number="1730" hits="3"/><line number="1738" hits="1"/><line number="1739" hits="2"/><line number="1741" hits="2"/><line number="1742" hits="3"/><line number="1744" hits="2"/><line number="1745" hits="3"/><line number="1747" hits="2"/><line number="1748" hits="3"/><line number="1750" hits="2"/><line number="1751" hits="3"/><line number="1753" hits="2"/><line number="1754" hits="3"/><line number="1756" hits="2"/><line number="1757" hits="3"/><line number="1759" hits="2"/><line number="1760" hits="3"/><line number="1762" hits="2"/><line number="1763" hits="3"/><line number="1766" hits="1"/><line number="1774" hits="15"/><line number="1776" hits="30"/><line number="1777" hits="1"/><line number="1779" hits="28"/><line number="1780" hits="1"/><line number="1784" hits="26"/><line number="1786" hits="13"/><line number="1788" hits="2"/><line number="1789" hits="1"/><line number="1790" hits="1"/><line number="1794" hits="22"/><line number="1799" hits="24"/><line number="1802" hits="12"/><line number="1803" hits="8"/><line number="1805" hits="10"/><line number="1806" hits="5"/><line number="1808" hits="9"/><line number="1809" hits="6"/><line number="1811" hits="7"/><line number="1812" hits="3"/><line number="1814" hits="6"/><line number="1815" hits="3"/><line number="1819" hits="5"/><line number="1820" hits="8"/><line number="1821" hits="11"/><line number="1826" hits="8"/><line number="1828" hits="4"/><line number="1834" hits="4"/><line number="1839" hits="4"/><line number="1844" hits="4"/><line number="1849" hits="4"/><line number="1854" hits="4"/><line number="1859" hits="4"/><line number="1864" hits="4"/></lines></class></classes></package><package name="src/locales" line-rate="1" branch-rate="0" complexity="0"><classes><class name="de" filename="src/locales/de.rs" line-rate="1" branch-rate="0" complexity="0"><methods/><lines><line number="11" hits="1"/><line number="12" hits="2"/><line number="13" hits="1"/><line number="14" hits="3"/><line number="15" hits="3"/><line number="16" hits="3"/><line number="17" hits="3"/><line number="18" hits="3"/><line number="19" hits="1"/><line number="37" hits="7"/><line number="38" hits="20"/><line number="39" hits="6"/><line number="41" hits="1"/></lines></class><class name="en" filename="src/locales/en.rs" line-rate="1" branch-rate="0" complexity="0"><methods/><lines><line number="8" hits="1"/><line number="9" hits="2"/><line number="10" hits="1"/><line number="11" hits="3"/><line number="12" hits="3"/><line number="13" hits="3"/><line number="14" hits="3"/><line number="15" hits="3"/><line number="16" hits="1"/><line number="30" hits="7"/><line number="31" hits="20"/><line number="32" hits="6"/><line number="34" hits="1"/></lines></class><class name="fr" filename="src/locales/fr.rs" line-rate="1" branch-rate="0" complexity="0"><methods/><lines><line number="11" hits="1"/><line number="12" hits="2"/><line number="13" hits="1"/><line number="14" hits="3"/><line number="15" hits="3"/><line number="16" hits="3"/><line number="17" hits="3"/><line number="18" hits="3"/><line number="19" hits="1"/><line number="37" hits="7"/><line number="38" hits="20"/><line number="39" hits="6"/><line number="41" hits="1"/></lines></class></classes></package><package name="src/modules" line-rate="0.9691714836223507" branch-rate="0" complexity="0"><classes><class name="json" filename="src/modules/json.rs" line-rate="0.9617486338797814" branch-rate="0" complexity="0"><methods/><lines><line number="33" hits="19"/><line number="38" hits="95"/><line number="53" hits="20"/><line number="59" hits="60"/><line number="60" hits="26"/><line number="61" hits="8"/><line number="63" hits="80"/><line number="64" hits="20"/><line number="65" hits="60"/><line number="66" hits="20"/><line number="67" hits="80"/><line number="68" hits="20"/><line number="93" hits="1"/><line number="94" hits="2"/><line number="95" hits="2"/><line number="96" hits="1"/><line number="130" hits="8"/><line number="132" hits="22"/><line number="133" hits="5"/><line number="136" hits="6"/><line number="139" hits="15"/><line number="140" hits="12"/><line number="142" hits="9"/><line number="145" hits="4"/><line number="146" hits="2"/><line number="147" hits="1"/><line number="148" hits="1"/><line number="151" hits="4"/><line number="152" hits="2"/><line number="153" hits="1"/><line number="154" hits="1"/><line number="157" hits="4"/><line number="158" hits="2"/><line number="159" hits="1"/><line number="161" hits="4"/><line number="162" hits="2"/><line number="164" hits="4"/><line number="165" hits="2"/><line number="167" hits="4"/><line number="168" hits="2"/><line number="169" hits="1"/><line number="172" hits="3"/><line number="205" hits="3"/><line number="206" hits="6"/><line number="208" hits="5"/><line number="209" hits="4"/><line number="211" hits="4"/><line number="212" hits="2"/><line number="213" hits="1"/><line number="214" hits="1"/><line number="217" hits="5"/><line number="218" hits="4"/><line number="219" hits="2"/><line number="220" hits="2"/><line number="223" hits="4"/><line number="224" hits="2"/><line number="225" hits="1"/><line number="226" hits="1"/><line number="229" hits="9"/><line number="230" hits="5"/><line number="231" hits="4"/><line number="233" hits="9"/><line number="234" hits="4"/><line number="235" hits="2"/><line number="236" hits="1"/><line number="237" hits="1"/><line number="240" hits="5"/><line number="241" hits="4"/><line number="242" hits="2"/><line number="243" hits="2"/><line number="246" hits="4"/><line number="247" hits="2"/><line number="248" hits="1"/><line number="249" hits="1"/><line number="252" hits="4"/><line number="253" hits="2"/><line number="254" hits="1"/><line number="255" hits="1"/><line number="258" hits="3"/><line number="270" hits="4"/><line number="273" hits="8"/><line number="274" hits="12"/><line number="275" hits="8"/><line number="276" hits="4"/><line number="278" hits="8"/><line number="279" hits="12"/><line number="280" hits="16"/><line number="282" hits="8"/><line number="283" hits="8"/><line number="284" hits="8"/><line number="285" hits="16"/><line number="286" hits="16"/><line number="287" hits="10"/><line number="288" hits="12"/><line number="290" hits="8"/><line number="291" hits="8"/><line number="293" hits="12"/><line number="295" hits="16"/><line number="296" hits="16"/><line number="297" hits="8"/><line number="298" hits="12"/><line number="299" hits="16"/><line number="300" hits="8"/><line number="301" hits="12"/><line number="302" hits="8"/><line number="303" hits="12"/><line number="304" hits="8"/><line number="305" hits="12"/><line number="307" hits="8"/><line number="319" hits="1"/><line number="320" hits="2"/><line number="321" hits="2"/><line number="322" hits="0"/><line number="324" hits="1"/><line number="330" hits="2"/><line number="335" hits="8"/><line number="343" hits="32"/><line number="345" hits="31"/><line number="346" hits="35"/><line number="347" hits="20"/><line number="348" hits="30"/><line number="350" hits="14"/><line number="352" hits="8"/><line number="353" hits="16"/><line number="354" hits="6"/><line number="357" hits="30"/><line number="358" hits="6"/><line number="365" hits="7"/><line number="368" hits="6"/><line number="376" hits="18"/><line number="377" hits="12"/><line number="378" hits="12"/><line number="379" hits="12"/><line number="381" hits="12"/><line number="383" hits="6"/><line number="384" hits="12"/><line number="385" hits="6"/><line number="387" hits="6"/><line number="389" hits="6"/><line number="391" hits="24"/><line number="393" hits="6"/><line number="395" hits="6"/><line number="397" hits="6"/><line number="398" hits="12"/><line number="399" hits="6"/><line number="402" hits="30"/><line number="403" hits="0"/><line number="407" hits="6"/><line number="411" hits="1"/><line number="412" hits="2"/><line number="416" hits="1"/><line number="420" hits="3"/><line number="447" hits="1"/><line number="451" hits="1"/><line number="454" hits="1"/><line number="477" hits="8"/><line number="481" hits="32"/><line number="482" hits="0"/><line number="483" hits="0"/><line number="487" hits="8"/><line number="488" hits="24"/><line number="489" hits="0"/><line number="490" hits="0"/><line number="491" hits="0"/><line number="497" hits="16"/><line number="499" hits="8"/><line number="500" hits="8"/><line number="501" hits="8"/><line number="502" hits="8"/><line number="503" hits="8"/><line number="504" hits="8"/><line number="507" hits="14"/><line number="508" hits="7"/><line number="509" hits="7"/><line number="510" hits="7"/><line number="511" hits="7"/><line number="512" hits="7"/><line number="513" hits="7"/><line number="514" hits="7"/><line number="515" hits="7"/><line number="516" hits="14"/><line number="521" hits="5"/><line number="522" hits="5"/></lines></class><class name="navigation" filename="src/modules/navigation.rs" line-rate="0.9887640449438202" branch-rate="0" complexity="0"><methods/><lines><line number="114" hits="24"/><line number="115" hits="48"/><line number="116" hits="1"/><line number="120" hits="46"/><line number="121" hits="92"/><line number="124" hits="109"/><line number="127" hits="46"/><line number="128" hits="69"/><line number="130" hits="69"/><line number="133" hits="69"/><line number="135" hits="128"/><line number="138" hits="93"/><line number="139" hits="70"/><line number="142" hits="69"/><line number="143" hits="23"/><line number="147" hits="35"/><line number="148" hits="105"/><line number="149" hits="105"/><line number="152" hits="105"/><line number="154" hits="105"/><line number="155" hits="105"/><line number="156" hits="105"/><line number="157" hits="105"/><line number="158" hits="105"/><line number="159" hits="105"/><line number="160" hits="105"/><line number="161" hits="105"/><line number="162" hits="105"/><line number="163" hits="105"/><line number="164" hits="35"/><line number="178" hits="52"/><line number="180" hits="156"/><line number="181" hits="104"/><line number="182" hits="1"/><line number="186" hits="102"/><line number="187" hits="4"/><line number="191" hits="141"/><line number="194" hits="187"/><line number="195" hits="92"/><line number="196" hits="2"/><line number="200" hits="176"/><line number="201" hits="132"/><line number="202" hits="8"/><line number="206" hits="72"/><line number="208" hits="36"/><line number="212" hits="108"/><line number="213" hits="72"/><line number="214" hits="1"/><line number="217" hits="35"/><line number="223" hits="54"/><line number="224" hits="162"/><line number="227" hits="108"/><line number="228" hits="5"/><line number="231" hits="148"/><line number="232" hits="50"/><line number="234" hits="1"/><line number="236" hits="1"/><line number="238" hits="0"/><line number="239" hits="48"/><line number="242" hits="47"/><line number="248" hits="52"/><line number="249" hits="52"/><line number="251" hits="1599"/><line number="253" hits="1561"/><line number="255" hits="3131"/><line number="262" hits="36"/><line number="264" hits="180"/><line number="267" hits="108"/><line number="268" hits="1294"/><line number="269" hits="6236"/><line number="271" hits="138"/><line number="274" hits="72"/><line number="275" hits="172"/><line number="276" hits="65"/><line number="277" hits="15"/><line number="279" hits="150"/><line number="283" hits="37"/><line number="284" hits="3"/><line number="285" hits="1"/><line number="288" hits="36"/><line number="292" hits="71"/><line number="293" hits="284"/><line number="294" hits="2169"/><line number="295" hits="2027"/><line number="296" hits="9"/><line number="297" hits="9"/><line number="298" hits="9"/><line number="299" hits="6054"/><line number="302" hits="71"/></lines></class><class name="plaintext" filename="src/modules/plaintext.rs" line-rate="0.9473684210526315" branch-rate="0" complexity="0"><methods/><lines><line number="65" hits="2"/><line number="68" hits="4"/><line number="71" hits="2"/><line number="142" hits="17"/><line number="150" hits="17"/><line number="152" hits="0"/><line number="155" hits="51"/><line number="157" hits="17"/><line number="159" hits="17"/><line number="160" hits="34"/><line number="161" hits="51"/><line number="162" hits="51"/><line number="163" hits="51"/><line number="164" hits="51"/><line number="165" hits="17"/><line number="170" hits="17"/><line number="171" hits="34"/><line number="172" hits="34"/><line number="173" hits="34"/><line number="175" hits="51"/><line number="177" hits="119"/><line number="178" hits="32"/><line number="179" hits="36"/><line number="180" hits="72"/><line number="181" hits="36"/><line number="182" hits="46"/><line number="183" hits="10"/><line number="185" hits="108"/><line number="186" hits="36"/><line number="191" hits="32"/><line number="192" hits="0"/><line number="194" hits="44"/><line number="195" hits="22"/><line number="199" hits="44"/><line number="200" hits="88"/><line number="201" hits="22"/><line number="203" hits="22"/><line number="206" hits="6"/><line number="207" hits="1"/><line number="209" hits="15"/><line number="210" hits="5"/><line number="213" hits="7"/><line number="214" hits="8"/><line number="215" hits="2"/><line number="217" hits="5"/><line number="220" hits="2"/><line number="221" hits="1"/><line number="223" hits="1"/><line number="225" hits="11"/><line number="229" hits="17"/><line number="230" hits="0"/><line number="233" hits="17"/><line number="237" hits="85"/><line number="239" hits="85"/><line number="240" hits="255"/><line number="243" hits="85"/><line number="245" hits="175"/></lines></class><class name="postprocessor" filename="src/modules/postprocessor.rs" line-rate="0.9137931034482759" branch-rate="0" complexity="0"><methods/><lines><line number="35" hits="22"/><line number="40" hits="66"/><line number="41" hits="22"/><line number="42" hits="0"/><line number="43" hits="0"/><line number="45" hits="66"/><line number="46" hits="22"/><line number="47" hits="0"/><line number="48" hits="0"/><line number="51" hits="44"/><line number="53" hits="71"/><line number="54" hits="81"/><line number="55" hits="81"/><line number="57" hits="85"/><line number="59" hits="8"/><line number="61" hits="12"/><line number="62" hits="0"/><line number="64" hits="12"/><line number="65" hits="8"/><line number="66" hits="8"/><line number="67" hits="4"/><line number="68" hits="4"/><line number="70" hits="4"/><line number="73" hits="44"/><line number="74" hits="54"/><line number="75" hits="61"/><line number="76" hits="61"/><line number="78" hits="51"/><line number="79" hits="51"/><line number="80" hits="17"/><line number="83" hits="54"/><line number="85" hits="54"/><line number="86" hits="60"/><line number="87" hits="12"/><line number="88" hits="12"/><line number="90" hits="18"/><line number="92" hits="12"/><line number="93" hits="12"/><line number="94" hits="17"/><line number="95" hits="25"/><line number="96" hits="10"/><line number="100" hits="6"/><line number="101" hits="5"/><line number="103" hits="12"/><line number="104" hits="12"/><line number="106" hits="12"/><line number="107" hits="8"/><line number="108" hits="12"/><line number="109" hits="8"/><line number="110" hits="8"/><line number="111" hits="4"/><line number="112" hits="4"/><line number="116" hits="18"/><line number="117" hits="6"/><line number="119" hits="27"/><line number="121" hits="81"/><line number="122" hits="54"/><line number="125" hits="22"/></lines></class><class name="preprocessor" filename="src/modules/preprocessor.rs" line-rate="1" branch-rate="0" complexity="0"><methods/><lines><line number="19" hits="7"/><line number="24" hits="21"/><line number="26" hits="20"/><line number="27" hits="52"/><line number="31" hits="21"/><line number="34" hits="11"/><line number="35" hits="2"/><line number="38" hits="7"/></lines></class><class name="robots" filename="src/modules/robots.rs" line-rate="1" branch-rate="0" complexity="0"><methods/><lines><line number="53" hits="6"/><line number="55" hits="12"/><line number="85" hits="3"/><line number="86" hits="6"/><line number="87" hits="1"/><line number="90" hits="2"/><line number="92" hits="2"/><line number="108" hits="16"/><line number="110" hits="32"/><line number="111" hits="3"/><line number="115" hits="24"/><line number="116" hits="2"/><line number="120" hits="33"/><line number="123" hits="22"/><line number="124" hits="20"/><line number="125" hits="20"/><line number="126" hits="20"/><line number="127" hits="20"/><line number="129" hits="1"/><line number="133" hits="50"/><line number="134" hits="20"/><line number="135" hits="1"/><line number="138" hits="18"/></lines></class><class name="security" filename="src/modules/security.rs" line-rate="1" branch-rate="0" complexity="0"><methods/><lines><line number="26" hits="8"/><line number="30" hits="8"/><line number="37" hits="8"/><line number="43" hits="8"/><line number="49" hits="8"/><line number="55" hits="8"/><line number="61" hits="8"/><line number="67" hits="8"/><line number="73" hits="8"/><line number="91" hits="3"/><line number="92" hits="6"/><line number="93" hits="1"/><line number="94" hits="1"/><line number="97" hits="4"/><line number="99" hits="6"/><line number="100" hits="4"/><line number="103" hits="4"/><line number="104" hits="4"/><line number="108" hits="4"/><line number="109" hits="4"/><line number="110" hits="2"/><line number="111" hits="2"/><line number="114" hits="4"/><line number="115" hits="4"/><line number="116" hits="2"/><line number="117" hits="2"/><line number="120" hits="4"/><line number="121" hits="4"/><line number="123" hits="3"/><line number="124" hits="2"/><line number="126" hits="3"/><line number="127" hits="2"/><line number="129" hits="3"/><line number="130" hits="2"/><line number="133" hits="2"/><line number="134" hits="2"/><line number="140" hits="9"/><line number="141" hits="18"/><line number="142" hits="9"/><line number="143" hits="23"/><line number="150" hits="58"/><line number="151" hits="116"/><line number="152" hits="36"/><line number="156" hits="29"/><line number="157" hits="4"/><line number="161" hits="40"/><line number="162" hits="22"/><line number="163" hits="20"/><line number="164" hits="12"/><line number="166" hits="5"/><line number="169" hits="30"/><line number="178" hits="18"/><line number="179" hits="36"/><line number="180" hits="7"/><line number="183" hits="11"/><line number="186" hits="22"/><line number="187" hits="16"/><line number="192" hits="12"/><line number="193" hits="5"/><line number="194" hits="16"/><line number="195" hits="1"/><line number="198" hits="2"/><line number="203" hits="11"/><line number="204" hits="11"/><line number="208" hits="27"/><line number="212" hits="71"/><line number="218" hits="22"/><line number="219" hits="2"/><line number="223" hits="40"/><line number="226" hits="39"/><line number="227" hits="22"/><line number="228" hits="24"/><line number="229" hits="13"/><line number="230" hits="12"/><line number="231" hits="11"/><line number="232" hits="10"/><line number="233" hits="9"/><line number="234" hits="8"/><line number="235" hits="7"/><line number="236" hits="6"/><line number="237" hits="5"/><line number="238" hits="5"/><line number="239" hits="1"/><line number="243" hits="38"/><line number="244" hits="38"/><line number="247" hits="19"/><line number="251" hits="58"/><line number="259" hits="15"/><line number="260" hits="30"/><line number="261" hits="7"/><line number="264" hits="24"/><line number="266" hits="8"/><line number="267" hits="25"/><line number="269" hits="17"/><line number="270" hits="13"/><line number="271" hits="13"/><line number="272" hits="81"/><line number="274" hits="8"/><line number="277" hits="16"/><line number="278" hits="3"/><line number="280" hits="10"/></lines></class></classes></package></packages></coverage>